<?xml version="1.0" encoding="UTF-8"?>
<!-- Generated by org.testng.reporters.JUnitReportReporter -->
<testsuite skipped="0" hostname="DESKTOP-PBJ1LCU" name="apiTestcases.putTestCases" tests="1" failures="0" timestamp="01 Apr 2020 12:00:54 GMT" time="3.345" errors="0">
  <testcase name="putMethodstatuscode" time="3.345" classname="apiTestcases.putTestCases"/>
</testsuite> <!-- apiTestcases.putTestCases -->
