<?xml version="1.0" encoding="UTF-8"?>
<!-- Generated by org.testng.reporters.JUnitReportReporter -->
<testsuite skipped="0" hostname="DESKTOP-PBJ1LCU" name="apiTestcases.Posttestcases" tests="1" failures="0" timestamp="01 Apr 2020 12:00:55 GMT" time="2.169" errors="0">
  <testcase name="postMethodstatuscode" time="2.169" classname="apiTestcases.Posttestcases"/>
</testsuite> <!-- apiTestcases.Posttestcases -->
