<?xml version="1.0" encoding="UTF-8"?>
<!-- Generated by org.testng.reporters.JUnitReportReporter -->
<testsuite skipped="0" hostname="DESKTOP-PBJ1LCU" name="test123.test1" tests="1" failures="0" timestamp="31 Mar 2020 06:11:40 GMT" time="0.013" errors="0">
  <testcase name="a" time="0.013" classname="test123.test1"/>
</testsuite> <!-- test123.test1 -->
