<?xml version="1.0" encoding="UTF-8"?>
<!-- Generated by org.testng.reporters.JUnitReportReporter -->
<testsuite skipped="0" hostname="DESKTOP-PBJ1LCU" name="apiTestcases.AuthenticartionGettestcases" tests="6" failures="0" timestamp="24 Apr 2020 07:25:04 GMT" time="7.652" errors="0">
  <testcase name="getMethodStatusCode" time="6.849" classname="apiTestcases.AuthenticartionGettestcases"/>
  <testcase name="getMethodResponseTime" time="0.012" classname="apiTestcases.AuthenticartionGettestcases"/>
  <testcase name="getMethodValidateJsonData" time="0.094" classname="apiTestcases.AuthenticartionGettestcases"/>
  <testcase name="getMethodStatusCodeInvalid" time="0.682" classname="apiTestcases.AuthenticartionGettestcases"/>
  <testcase name="getMethodValidateJsonDataForInvalid" time="0.012" classname="apiTestcases.AuthenticartionGettestcases"/>
  <testcase name="getMethodValidateHeaders" time="0.003" classname="apiTestcases.AuthenticartionGettestcases"/>
</testsuite> <!-- apiTestcases.AuthenticartionGettestcases -->
