<?xml version="1.0" encoding="UTF-8"?>
<!-- Generated by org.testng.reporters.JUnitReportReporter -->
<testsuite skipped="0" hostname="DESKTOP-PBJ1LCU" name="apiTestcases.Gettestcases" tests="4" failures="0" timestamp="07 Apr 2020 07:57:08 GMT" time="4.828" errors="0">
  <testcase name="getMethodStatusCode" time="4.716" classname="apiTestcases.Gettestcases"/>
  <testcase name="getMethodResponseTime" time="0.023" classname="apiTestcases.Gettestcases"/>
  <testcase name="getMethodValidateJsonData" time="0.086" classname="apiTestcases.Gettestcases"/>
  <testcase name="getMethodValidateHeaders" time="0.003" classname="apiTestcases.Gettestcases"/>
</testsuite> <!-- apiTestcases.Gettestcases -->
